# JRE version: Java(TM) SE Runtime Environment (8.0_111-b14) (build 1.8.0_111-b14)
# Java VM: Java HotSpot(TM) 64-Bit Server VM (25.111-b14 mixed mode linux-amd64 compressed oops)
Heap:
 PSYoungGen      total 345088K, used 99589K [0x00000000e7f00000, 0x0000000100000000, 0x0000000100000000)
  eden space 295936K, 31% used [0x00000000e7f00000,0x00000000edb28ad0,0x00000000fa000000)
  from space 49152K, 10% used [0x00000000fd000000,0x00000000fd518b10,0x0000000100000000)
  to   space 49152K, 0% used [0x00000000fa000000,0x00000000fa000000,0x00000000fd000000)
 ParOldGen       total 789504K, used 13869K [0x00000000b7c00000, 0x00000000e7f00000, 0x00000000e7f00000)
  object space 789504K, 1% used [0x00000000b7c00000,0x00000000b898b750,0x00000000e7f00000)
 Metaspace       used 32948K, capacity 33205K, committed 33624K, reserved 1079296K
  class space    used 3876K, capacity 3941K, committed 3968K, reserved 1048576K
GC Heap History (10 events):
Event: 1,593 GC heap before
{Heap before GC invocations=3 (full 1):
 PSYoungGen      total 345088K, used 17571K [0x00000000e7f00000, 0x0000000100000000, 0x0000000100000000)
  eden space 295936K, 5% used [0x00000000e7f00000,0x00000000e9028d10,0x00000000fa000000)
  from space 49152K, 0% used [0x00000000fa000000,0x00000000fa000000,0x00000000fd000000)
  to   space 49152K, 0% used [0x00000000fd000000,0x00000000fd000000,0x0000000100000000)
 ParOldGen       total 789504K, used 9215K [0x00000000b7c00000, 0x00000000e7f00000, 0x00000000e7f00000)
  object space 789504K, 1% used [0x00000000b7c00000,0x00000000b84ffee8,0x00000000e7f00000)
 Metaspace       used 16671K, capacity 16866K, committed 17024K, reserved 1064960K
  class space    used 2050K, capacity 2143K, committed 2176K, reserved 1048576K
Event: 1,595 GC heap after
Heap after GC invocations=3 (full 1):
 PSYoungGen      total 345088K, used 224K [0x00000000e7f00000, 0x0000000100000000, 0x0000000100000000)
  eden space 295936K, 0% used [0x00000000e7f00000,0x00000000e7f00000,0x00000000fa000000)
  from space 49152K, 0% used [0x00000000fd000000,0x00000000fd038000,0x0000000100000000)
  to   space 49152K, 0% used [0x00000000fa000000,0x00000000fa000000,0x00000000fd000000)
 ParOldGen       total 789504K, used 9223K [0x00000000b7c00000, 0x00000000e7f00000, 0x00000000e7f00000)
  object space 789504K, 1% used [0x00000000b7c00000,0x00000000b8501ee8,0x00000000e7f00000)
 Metaspace       used 16671K, capacity 16866K, committed 17024K, reserved 1064960K
  class space    used 2050K, capacity 2143K, committed 2176K, reserved 1048576K
}
Event: 1,595 GC heap before
{Heap before GC invocations=4 (full 2):
 PSYoungGen      total 345088K, used 224K [0x00000000e7f00000, 0x0000000100000000, 0x0000000100000000)
  eden space 295936K, 0% used [0x00000000e7f00000,0x00000000e7f00000,0x00000000fa000000)
  from space 49152K, 0% used [0x00000000fd000000,0x00000000fd038000,0x0000000100000000)
  to   space 49152K, 0% used [0x00000000fa000000,0x00000000fa000000,0x00000000fd000000)
 ParOldGen       total 789504K, used 9223K [0x00000000b7c00000, 0x00000000e7f00000, 0x00000000e7f00000)
  object space 789504K, 1% used [0x00000000b7c00000,0x00000000b8501ee8,0x00000000e7f00000)
 Metaspace       used 16671K, capacity 16866K, committed 17024K, reserved 1064960K
  class space    used 2050K, capacity 2143K, committed 2176K, reserved 1048576K
Event: 1,619 GC heap after
Heap after GC invocations=4 (full 2):
 PSYoungGen      total 345088K, used 0K [0x00000000e7f00000, 0x0000000100000000, 0x0000000100000000)
  eden space 295936K, 0% used [0x00000000e7f00000,0x00000000e7f00000,0x00000000fa000000)
  from space 49152K, 0% used [0x00000000fd000000,0x00000000fd000000,0x0000000100000000)
  to   space 49152K, 0% used [0x00000000fa000000,0x00000000fa000000,0x00000000fd000000)
 ParOldGen       total 789504K, used 4033K [0x00000000b7c00000, 0x00000000e7f00000, 0x00000000e7f00000)
  object space 789504K, 0% used [0x00000000b7c00000,0x00000000b7ff04a0,0x00000000e7f00000)
 Metaspace       used 16671K, capacity 16866K, committed 17024K, reserved 1064960K
  class space    used 2050K, capacity 2143K, committed 2176K, reserved 1048576K
}
Event: 2,200 GC heap before
{Heap before GC invocations=5 (full 2):
 PSYoungGen      total 345088K, used 126616K [0x00000000e7f00000, 0x0000000100000000, 0x0000000100000000)
  eden space 295936K, 42% used [0x00000000e7f00000,0x00000000efaa6128,0x00000000fa000000)
  from space 49152K, 0% used [0x00000000fd000000,0x00000000fd000000,0x0000000100000000)
  to   space 49152K, 0% used [0x00000000fa000000,0x00000000fa000000,0x00000000fd000000)
 ParOldGen       total 789504K, used 4033K [0x00000000b7c00000, 0x00000000e7f00000, 0x00000000e7f00000)
  object space 789504K, 0% used [0x00000000b7c00000,0x00000000b7ff04a0,0x00000000e7f00000)
 Metaspace       used 27864K, capacity 28089K, committed 28376K, reserved 1075200K
  class space    used 3445K, capacity 3521K, committed 3584K, reserved 1048576K
Event: 2,205 GC heap after
Heap after GC invocations=5 (full 2):
 PSYoungGen      total 345088K, used 10145K [0x00000000e7f00000, 0x0000000100000000, 0x0000000100000000)
  eden space 295936K, 0% used [0x00000000e7f00000,0x00000000e7f00000,0x00000000fa000000)
  from space 49152K, 20% used [0x00000000fa000000,0x00000000fa9e8500,0x00000000fd000000)
  to   space 49152K, 0% used [0x00000000fd000000,0x00000000fd000000,0x0000000100000000)
 ParOldGen       total 789504K, used 4041K [0x00000000b7c00000, 0x00000000e7f00000, 0x00000000e7f00000)
  object space 789504K, 0% used [0x00000000b7c00000,0x00000000b7ff24a0,0x00000000e7f00000)
 Metaspace       used 27864K, capacity 28089K, committed 28376K, reserved 1075200K
  class space    used 3445K, capacity 3521K, committed 3584K, reserved 1048576K
}
Event: 2,205 GC heap before
{Heap before GC invocations=6 (full 3):
 PSYoungGen      total 345088K, used 10145K [0x00000000e7f00000, 0x0000000100000000, 0x0000000100000000)
  eden space 295936K, 0% used [0x00000000e7f00000,0x00000000e7f00000,0x00000000fa000000)
  from space 49152K, 20% used [0x00000000fa000000,0x00000000fa9e8500,0x00000000fd000000)
  to   space 49152K, 0% used [0x00000000fd000000,0x00000000fd000000,0x0000000100000000)
 ParOldGen       total 789504K, used 4041K [0x00000000b7c00000, 0x00000000e7f00000, 0x00000000e7f00000)
  object space 789504K, 0% used [0x00000000b7c00000,0x00000000b7ff24a0,0x00000000e7f00000)
 Metaspace       used 27864K, capacity 28089K, committed 28376K, reserved 1075200K
  class space    used 3445K, capacity 3521K, committed 3584K, reserved 1048576K
Event: 2,242 GC heap after
Heap after GC invocations=6 (full 3):
 PSYoungGen      total 345088K, used 0K [0x00000000e7f00000, 0x0000000100000000, 0x0000000100000000)
  eden space 295936K, 0% used [0x00000000e7f00000,0x00000000e7f00000,0x00000000fa000000)
  from space 49152K, 0% used [0x00000000fa000000,0x00000000fa000000,0x00000000fd000000)
  to   space 49152K, 0% used [0x00000000fd000000,0x00000000fd000000,0x0000000100000000)
 ParOldGen       total 789504K, used 13861K [0x00000000b7c00000, 0x00000000e7f00000, 0x00000000e7f00000)
  object space 789504K, 1% used [0x00000000b7c00000,0x00000000b8989750,0x00000000e7f00000)
 Metaspace       used 27864K, capacity 28089K, committed 28376K, reserved 1075200K
  class space    used 3445K, capacity 3521K, committed 3584K, reserved 1048576K
}
Event: 3,667 GC heap before
{Heap before GC invocations=7 (full 3):
 PSYoungGen      total 345088K, used 295936K [0x00000000e7f00000, 0x0000000100000000, 0x0000000100000000)
  eden space 295936K, 100% used [0x00000000e7f00000,0x00000000fa000000,0x00000000fa000000)
  from space 49152K, 0% used [0x00000000fa000000,0x00000000fa000000,0x00000000fd000000)
  to   space 49152K, 0% used [0x00000000fd000000,0x00000000fd000000,0x0000000100000000)
 ParOldGen       total 789504K, used 13861K [0x00000000b7c00000, 0x00000000e7f00000, 0x00000000e7f00000)
  object space 789504K, 1% used [0x00000000b7c00000,0x00000000b8989750,0x00000000e7f00000)
 Metaspace       used 32068K, capacity 32319K, committed 32856K, reserved 1079296K
  class space    used 3825K, capacity 3906K, committed 3968K, reserved 1048576K
Event: 3,672 GC heap after
Heap after GC invocations=7 (full 3):
 PSYoungGen      total 345088K, used 5218K [0x00000000e7f00000, 0x0000000100000000, 0x0000000100000000)
  eden space 295936K, 0% used [0x00000000e7f00000,0x00000000e7f00000,0x00000000fa000000)
  from space 49152K, 10% used [0x00000000fd000000,0x00000000fd518b10,0x0000000100000000)
  to   space 49152K, 0% used [0x00000000fa000000,0x00000000fa000000,0x00000000fd000000)
 ParOldGen       total 789504K, used 13869K [0x00000000b7c00000, 0x00000000e7f00000, 0x00000000e7f00000)
  object space 789504K, 1% used [0x00000000b7c00000,0x00000000b898b750,0x00000000e7f00000)
 Metaspace       used 32068K, capacity 32319K, committed 32856K, reserved 1079296K
  class space    used 3825K, capacity 3906K, committed 3968K, reserved 1048576K
}

